<?xml version="1.0" encoding="UTF-8"?>
<!-- Generated by org.testng.reporters.JUnitReportReporter -->
<testsuite skipped="0" hostname="W00185VDI" name="com.employeeapi.testcases.TC003_Post_Employee" tests="2" failures="0" timestamp="04 Dec 2019 07:06:31 GMT" time="0.004" errors="0">
  <testcase name="checkResponseBody" time="0.002" classname="com.employeeapi.testcases.TC003_Post_Employee"/>
  <testcase name="checkStatusCode" time="0.002" classname="com.employeeapi.testcases.TC003_Post_Employee"/>
</testsuite> <!-- com.employeeapi.testcases.TC003_Post_Employee -->
