<?xml version="1.0" encoding="UTF-8"?>
<!-- Generated by org.testng.reporters.JUnitReportReporter -->
<testsuite skipped="0" hostname="W00185VDI" name="com.employeeapi.testcases.TC001_All_Employees" tests="5" failures="0" timestamp="04 Dec 2019 07:06:31 GMT" time="0.040" errors="0">
  <testcase name="checkServerType" time="0.001" classname="com.employeeapi.testcases.TC001_All_Employees"/>
  <testcase name="checkResponseBody" time="0.027" classname="com.employeeapi.testcases.TC001_All_Employees"/>
  <testcase name="checkContentType" time="0.009" classname="com.employeeapi.testcases.TC001_All_Employees"/>
  <testcase name="checkStatusLine" time="0.001" classname="com.employeeapi.testcases.TC001_All_Employees"/>
  <testcase name="checkStatusCode" time="0.002" classname="com.employeeapi.testcases.TC001_All_Employees"/>
</testsuite> <!-- com.employeeapi.testcases.TC001_All_Employees -->
