<?xml version="1.0" encoding="UTF-8"?>
<!-- Generated by org.testng.reporters.JUnitReportReporter -->
<testsuite skipped="0" hostname="W00185VDI" name="com.employeeapi.testcases.TC002_Single_Employee" tests="2" failures="0" timestamp="04 Dec 2019 07:06:31 GMT" time="0.018" errors="0">
  <testcase name="checkResponseBody" time="0.015" classname="com.employeeapi.testcases.TC002_Single_Employee"/>
  <testcase name="checkStatusCode" time="0.003" classname="com.employeeapi.testcases.TC002_Single_Employee"/>
</testsuite> <!-- com.employeeapi.testcases.TC002_Single_Employee -->
